'create_account',15.0693
'login',75.1337
'add_into_cart',25.3089
'add_into_cart',50.2796
'remove_from_cart',35.5512
'display_cart',30.3420
'search_items',40.2976
'search_items',40.3052
'purchase',36.7461
'purchase_history',30.2987
'seller_rating',85.2158
'seller_rating',80.1573
'add_into_cart',50.2905
'clear_cart',40.3132
'add_into_cart',35.3485
'clear_cart',45.2918
'add_into_cart',45.2788
'clear_cart',30.2849
'add_into_cart',45.1649
'clear_cart',30.2220
'add_into_cart',45.1780
'clear_cart',50.3549
'add_into_cart',40.3341
'clear_cart',45.2542
'add_into_cart',45.3001
'clear_cart',30.3908
'add_into_cart',30.2495
'clear_cart',30.1712
'add_into_cart',55.2313
'clear_cart',30.2769
'add_into_cart',45.2890
'clear_cart',45.3370
'add_into_cart',45.2655
'clear_cart',40.3123
'add_into_cart',48.0686
'clear_cart',50.3093
'add_into_cart',297.1090
'clear_cart',35.2595
'add_into_cart',50.2720
'clear_cart',45.3616
'add_into_cart',45.1787
'clear_cart',45.3051
'add_into_cart',45.3078
'clear_cart',40.3473
'add_into_cart',45.3230
'clear_cart',40.2174
'add_into_cart',55.3768
'clear_cart',45.1665
'add_into_cart',35.3304
'clear_cart',45.2961
'add_into_cart',50.3186
'clear_cart',35.3418
'add_into_cart',50.1654
'clear_cart',45.3837
'add_into_cart',45.3390
'clear_cart',30.2564
'add_into_cart',55.3370
'clear_cart',45.3287
'add_into_cart',50.3489
'clear_cart',40.2993
'add_into_cart',50.3871
'clear_cart',45.2136
'add_into_cart',45.2579
'clear_cart',45.1821
'add_into_cart',45.3320
'clear_cart',35.1708
'add_into_cart',45.3309
'clear_cart',15.2716
'add_into_cart',30.3258
'clear_cart',25.3865
'add_into_cart',25.2805
'clear_cart',15.2783
'add_into_cart',35.3502
'clear_cart',15.2978
'add_into_cart',25.1592
'clear_cart',25.2299
'add_into_cart',25.3348
'clear_cart',25.3410
'add_into_cart',25.2971
'clear_cart',25.3096
'add_into_cart',25.2575
'clear_cart',25.2579
'add_into_cart',25.2993
'clear_cart',25.2885
'add_into_cart',25.1815
'clear_cart',25.3238
'add_into_cart',25.3032
'clear_cart',25.2743
'add_into_cart',25.1711
'clear_cart',25.2032
'add_into_cart',15.1939
'clear_cart',30.3652
'add_into_cart',15.3110
'clear_cart',35.2168
'add_into_cart',18.7686
'clear_cart',35.1891
'add_into_cart',107.5970
'clear_cart',25.1889
'add_into_cart',302.6601
'clear_cart',25.2669
'add_into_cart',25.2458
'clear_cart',15.2163
'add_into_cart',30.1785
'clear_cart',25.2969
'add_into_cart',25.2547
'clear_cart',25.2450
'add_into_cart',25.3127
'clear_cart',25.2594
'add_into_cart',15.2738
'clear_cart',30.3126
'add_into_cart',15.3165
'clear_cart',30.3016
'add_into_cart',25.2264
'clear_cart',25.2790
'add_into_cart',25.2775
'clear_cart',25.1539
'add_into_cart',25.2837
'clear_cart',15.2097
'add_into_cart',25.1373
'clear_cart',20.2984
'add_into_cart',35.2407
'clear_cart',25.2525
'add_into_cart',25.1537
'clear_cart',25.2804
'add_into_cart',25.2722
'clear_cart',25.2723
'add_into_cart',25.2516
'clear_cart',15.2828
'add_into_cart',30.2026
'clear_cart',15.3140
'add_into_cart',30.3413
'clear_cart',25.3164
'add_into_cart',25.3384
'clear_cart',25.2380
'add_into_cart',25.1703
'clear_cart',25.2942
'add_into_cart',15.1955
'clear_cart',25.3375
'add_into_cart',25.3573
'clear_cart',15.2913
'add_into_cart',20.2537
'clear_cart',35.2588
'add_into_cart',15.2856
'clear_cart',30.3596
'add_into_cart',15.2025
'clear_cart',30.1165
'add_into_cart',15.2449
'clear_cart',15.2864
'add_into_cart',35.3419
'clear_cart',15.3058
'add_into_cart',35.4047
'clear_cart',20.2654
'add_into_cart',30.3348
'clear_cart',25.3165
'add_into_cart',25.2435
'clear_cart',25.3713
'add_into_cart',25.3083
'clear_cart',15.2672
'add_into_cart',25.2464
'clear_cart',25.3003
'add_into_cart',35.2917
'clear_cart',5.3044
'add_into_cart',25.3157
'clear_cart',30.3820
'add_into_cart',25.3163
'clear_cart',15.2105
'add_into_cart',25.2777
'clear_cart',15.3013
'add_into_cart',35.2306
'clear_cart',25.2943
'add_into_cart',25.2854
'clear_cart',15.3089
'add_into_cart',35.2595
'clear_cart',30.2737
'add_into_cart',25.2826
'clear_cart',25.1374
'add_into_cart',25.2792
'clear_cart',25.2649
'add_into_cart',25.1550
'clear_cart',15.1306
'add_into_cart',25.1554
'clear_cart',25.2021
'add_into_cart',25.3515
'clear_cart',15.2632
'add_into_cart',15.3018
'clear_cart',20.2650
'add_into_cart',20.2265
'clear_cart',35.3037
'add_into_cart',25.3304
'clear_cart',15.1873
'add_into_cart',30.2500
'clear_cart',25.1472
'add_into_cart',5.2716
'clear_cart',35.2718
'add_into_cart',25.3267
'clear_cart',25.3314
'add_into_cart',5.2752
'clear_cart',25.2645
'add_into_cart',25.2812
'clear_cart',30.2350
'add_into_cart',15.3343
'clear_cart',25.3543
'add_into_cart',25.2432
'clear_cart',25.3218
'add_into_cart',25.2507
'clear_cart',15.2330
'add_into_cart',35.2219
'clear_cart',25.1356
'add_into_cart',25.2387
'clear_cart',15.2618
'add_into_cart',25.3562
'clear_cart',25.3002
