'create_account',10.1074
'login',10.0972
'add_item',5.3035
'add_item',5.1654
'add_item',5.2851
'update_price',5.2703
'update_price',5.2427
'update_price',5.2584
'update_price',5.2537
'update_price',5.2555
'update_price',5.1587
'update_price',5.1591
'update_price',5.2603
'update_price',5.2805
'update_price',5.2538
'update_price',5.1771
'update_price',5.2533
'update_price',5.2725
'update_price',5.2439
'update_price',5.2592
'update_price',5.2571
'update_price',5.2626
'update_price',5.2557
'update_price',5.2667
'update_price',5.2566
'update_price',5.1559
'update_price',5.2600
'update_price',5.2554
'update_price',5.2751
'update_price',5.2606
'update_price',5.1656
'update_price',5.2585
'update_price',5.2968
'update_price',5.2650
'update_price',5.2649
'update_price',5.2648
'update_price',5.2745
'update_price',5.2595
'update_price',5.2751
'update_price',5.2527
'update_price',5.1692
'update_price',5.2733
'update_price',10.2132
'update_price',50.3285
'update_price',35.3325
'update_price',40.3172
'update_price',35.3540
'update_price',30.1623
'update_price',35.1728
'update_price',50.2906
'update_price',35.1428
'update_price',40.2927
'update_price',25.2320
'update_price',40.2393
'update_price',55.3232
'update_price',35.2402
'update_price',45.3487
'update_price',50.3377
'update_price',25.2352
'update_price',50.2557
'update_price',40.2907
'update_price',40.3380
'update_price',30.1747
'update_price',45.2863
'update_price',30.2271
'update_price',50.2501
'update_price',45.1763
'update_price',45.3636
'update_price',35.2482
'update_price',40.3217
'update_price',45.3491
'update_price',30.2919
'update_price',45.2505
'update_price',20.3182
'update_price',55.3214
'update_price',40.2772
'update_price',45.2752
'update_price',45.3363
'update_price',45.3151
'update_price',48.5146
'update_price',45.3204
'update_price',297.0761
'update_price',45.2829
'update_price',45.2835
'update_price',40.2252
'update_price',45.3365
'update_price',40.1749
'update_price',35.2597
'update_price',55.3472
'update_price',45.3496
'update_price',40.1998
'update_price',50.3103
'update_price',45.4076
'update_price',40.2711
'update_price',45.2598
'update_price',45.2795
'update_price',45.1688
'update_price',35.3498
'update_price',55.3030
'update_price',35.2995
'update_price',50.3391
'update_price',45.2540
'update_price',50.3456
'update_price',45.3655
'update_price',35.2567
'remove_item',55.3933
'display_items',45.3222
'seller_rating',95.1965
'logout',70.1366
