0.002881050
0.006116867
0.004729271
0.006030798
0.005004168
0.007187366
0.007598877
0.006890059
0.007442951
0.007000923
0.005401134
0.003880978
0.006268024
0.003873110
0.006962299
0.003681898
0.007035971
0.004045963
0.006493807
0.005826950
0.005070925
0.005393982
0.005825996
0.003757954
0.004602194
0.004724979
0.004724026
0.004910707
0.003903866
0.005202293
0.003992081
0.003123045
0.002047062
0.004402161
0.005011082
0.004266977
0.005975008
0.004067659
0.005013943
0.006075859
0.006626129
0.004468918
0.003477097
0.002198219
0.002681971
0.002048016
0.002063036
0.007350922
0.003878117
0.002407789
0.003797054
0.004863977
0.010590076
0.005001068
0.004981995
0.002149820
0.002120972
0.002614975
0.003728867
0.005473852
0.003854990
0.004143715
0.005108833
0.003730059
0.005934000
0.004729748
0.006145954
0.004032135
0.003846169
0.002729177
0.007023811
0.004266977
0.008887053
0.004685879
0.005908251
0.003885984
0.005616188
0.004278898
0.002468824
0.002540827
0.003773928
0.005178928
0.004084110
0.004890203
0.003993750
0.003830194
0.005844116
0.004240751
0.005910158
0.004308939
0.004940033
0.004862785
0.004606009
0.004444361
0.003804922
0.005064011
0.004012108
0.004468918
0.004111052
0.003661156
0.005618334
0.003947735
0.005239964
0.003701687
0.003988981
0.004733801
0.003854275
0.005062103
0.004874945
0.003381014
0.006623983
0.005350113
0.003905058
0.005837917
0.002713203
0.003802776
0.005873919
0.004426003
0.004537106
0.004004002
0.004092216
0.005217075
0.003669024
0.005052090
0.004326820
0.004766941
0.003854752
0.003922939
0.005555153
0.003972292
0.002933025
0.004058838
0.004163742
0.004737139
0.002350807
0.006128073
0.003680944
0.004997253
0.004010916
0.004216671
0.004512072
0.002068043
0.006910086
0.003773928
0.004352093
0.004037142
0.004165888
0.005224943
0.004521132
0.006254196
0.004281998
0.005630970
0.005880833
0.006022215
0.003967047
0.004678011
0.004014730
0.004311085
0.004349232
0.003651142
0.004321098
0.006510973
0.006862879
0.007823944
0.004930019
0.006097078
0.003693104
0.004404068
0.004673958
0.003452301
0.005056143
0.002315044
0.003495932
0.002480268
0.006339073
0.007248878
0.006452084
0.003966093
0.005064249
0.003916979
0.004627228
0.003887892
0.003942013
0.005261183
0.003643751
0.004825830
0.004263163
0.006787062
0.090219021
0.005631924
0.002401114
0.003458023
0.002640724
0.005439997
0.003809690
0.004104853
0.005200148
0.004235983
0.005004644
0.004050016
0.003039837
0.004259109
0.004001141
0.006772995
0.004086018
0.004599094
0.003565788
0.005089045
0.003966093
0.003843069
0.004951954
0.003907681
0.004943848
0.003937006
0.003808022
0.005692959
0.003738165
0.004899025
0.003725052
0.003932953
0.004705191
0.003595114
0.004739761
0.004240751
0.003855944
0.004906893
0.003759146
0.004752874
0.003983974
0.004199028
0.004951000
0.003853083
0.004944324
0.004108906
0.004477978
0.003954172
0.003654003
0.005048037
0.004220247
0.004243851
0.004163027
0.003652096
0.006397009
0.006030798
0.006525993
0.007801771
0.004677773
0.005666971
0.004157782
0.004818916
0.005592823
0.005638838
0.005132914
0.004741192
0.006164074
0.004690170
0.005422115
0.004633904
0.005125999
0.003861904
0.005826950
0.002137899
0.005390644
0.008882761
0.005140066
0.005033970
0.003598928
0.002346992
0.007073164
0.007852077
0.006324291
0.008624077
0.004890919
0.006519079
0.006083965
0.004543066
0.004214048
0.004709721
0.003867865
0.005036831
0.003965855
0.004591942
0.004355192
0.003592968
0.004825830
0.003707886
0.004457951
0.003968954
0.003592968
0.004599094
0.004303932
0.004805088
0.004026890
0.003995895
0.005343914
0.003707886
0.004985094
0.004414797
0.004081726
0.005447865
0.003726721
0.002548933
0.003715038
0.004594088
0.003733635
0.003957033
0.005250216
0.003485918
0.004801989
0.002251148
0.003774881
0.004759073
0.003572226
0.005584955
0.003806829
0.004106998
0.004779100
0.003666162
0.004968166
0.004125834
0.005045891
0.004086018
0.003704786
0.004878283
0.003951311
0.004671097
0.003797054
0.003669977
0.005029202
0.004005909
0.004490852
0.003832102
0.003686905
0.006682158
0.004483223
0.007474184
0.004154205
0.005444050
0.004642010
0.008651018
0.004953146
0.005626917
0.004682064
0.005495071
0.004418850
0.007179976
0.004258156
0.006437778
0.004256010
0.005156994
0.004184246
0.003384829
0.004460096
0.007132053
0.004947186
0.005666971
0.003890753
0.005228043
0.004083157
0.004704952
0.004762173
0.006266117
0.004251003
0.004003048
0.005290031
0.003930807
0.004982948
0.004374027
0.002596855
0.004667759
0.004309177
0.005550861
0.003808022
0.005032063
0.004230976
0.005786180
0.004179239
0.004494905
0.004623890
0.002697229
0.005551338
0.001940012
0.002583981
0.004347086
0.006122828
0.004210949
0.004185915
0.004813194
0.003965139
0.005176783
0.004456043
0.005458832
0.003939152
0.006137133
0.005802870
0.004791021
0.005066872
0.003967047
0.004976034
0.004040956
0.004756927
0.003966808
0.005242109
0.004194021
0.004126072
0.005539179
0.004120111
0.007189035
0.004144192
0.005821228
0.004234076
0.004606009
0.003817081
0.003457069
0.005208015
0.005321026
0.008607864
0.007668018
0.006690025
0.005538702
0.004164934
0.004677773
0.003987074
0.005244970
0.003710985
0.003973961
0.004884005
0.003840923
0.002875805
0.003683805
0.003896713
0.005145073
0.003711939
0.004853964
0.003631115
0.004172087
0.005167961
0.003924847
0.004925251
0.003988981
0.005337954
0.004384041
0.005807877
0.004443884
0.003916025
0.007203817
0.003678083
0.007822990
0.002187014
0.004990816
0.004745960
0.003111839
0.005069256
0.004794121
0.004425287
0.005696058
0.004680157
0.003893137
0.005719662
0.004555941
0.005445004
0.004224062
0.005063057
0.004578114
0.005300999
0.005023003
0.004595995
0.004627228
0.003874063
0.005654097
0.003921032
0.005300999
0.003883123
0.006362915
0.003881216
0.004537106
0.005369186
0.004383087
0.005733967
0.004187107
0.005635977
0.003993750
0.005134106
0.002871990
0.005738974
0.005517006
0.006070852
0.004693985
0.004656076
0.005167246
0.004561901
0.005579233
0.004051208
0.005707979
0.005182981
0.005839109
0.004246712
0.005940914
0.004235029
0.006431818
0.006688118
0.006732941
0.007275105
0.005738974
0.004547119
0.005391121
0.004852295
0.004721880
0.002395868
0.005574942
0.003711939
0.005939007
0.005943060
0.005496979
0.003717899
0.004177094
0.005329132
0.004633904
0.006056070
0.005263090
0.005367994
0.004588127
0.005560875
0.003821850
0.005055904
0.004980803
0.003445864
0.002160072
0.002012730
0.004840136
0.003739834
0.003812075
0.005014896
0.003908157
0.005208731
0.003664970
0.004328012
0.004496813
0.004184961
0.005340099
0.003829002
0.005346775
0.004120111
0.003865957
0.005141973
0.003801107
0.005055189
0.003731012
0.003893137
0.003718853
0.003940105
0.005082846
0.003808022
0.004745960
0.003894091
0.003624201
0.005316019
0.003877163
0.005326986
0.003631830
0.003162146
0.005240202
0.004055023
0.007754087
0.004010916
0.006546974
0.003762960
0.006592035
0.004203796
0.005593061
0.004453897
0.005340815
0.004359007
0.005600929
0.005530119
0.004928112
0.007192850
0.008244991
0.003924847
0.007768154
0.007230043
0.005447865
0.006363869
0.003925085
0.005266905
0.004061937
0.006229877
0.002290249
0.003938675
0.002454996
0.003602266
0.002255201
0.002352953
0.005726337
0.004276991
0.005916119
0.004571915
0.006025314
0.003957033
0.003627062
0.002096891
0.002530098
0.004933119
0.003903866
0.004795074
0.002111912
0.005041122
0.003989220
0.004703999
0.004525900
0.003718853
0.005168915
0.004013062
0.005217791
0.003806114
0.004106045
0.005580187
0.004049063
0.006912947
0.004310846
0.006483078
0.002064228
0.003031015
0.002394199
0.007338047
0.003577948
0.005040884
0.004256964
0.005067110
0.004210949
0.004065037
0.005556107
0.004296064
0.005375862
0.004070044
0.004837036
0.005270004
0.005493879
0.005138397
0.004159927
0.005359888
0.003600836
0.005990982
0.003934145
0.005993366
0.004297972
0.004713058
0.004884005
0.004652023
0.005039930
0.003745079
0.005192280
0.004082203
0.005209208
0.004726887
0.004622221
0.004626989
0.003914118
0.005373955
0.004364014
0.005780935
0.004327774
0.004783154
0.005328894
0.004327774
0.005589008
0.005248070
0.005527020
0.004240036
0.005409002
0.004520178
0.007197142
0.004578114
0.005700827
0.004068136
0.005105019
0.004575014
0.005069017
0.003178835
0.002810001
0.002637148
0.004436970
0.004917145
0.004449129
0.005189896
0.004921198
0.005057096
0.005203962
0.006087065
0.004277945
0.003857136
0.005406857
0.004800081
0.003547907
0.002087116
0.004334211
0.004976988
0.003829002
0.006565094
0.005538702
0.005555153
0.004352093
0.006166697
0.004260063
0.005520105
0.004359245
0.006520748
0.004430771
0.004968882
0.004752874
0.004597902
0.002296925
0.004313231
0.005069971
0.004163980
0.005348921
0.004305124
0.004958153
0.004688978
0.002282858
0.003402948
0.003951311
0.006221056
0.004149914
0.005887985
0.003792763
0.005690098
0.005132198
0.005570173
0.004438877
0.005156040
0.004624844
0.004193068
0.006253242
0.004683971
0.005891085
0.004297018
0.007899761
0.007336855
0.007208347
0.007566929
0.006412029
0.003682137
0.006579876
0.005654097
0.002594948
0.002153873
0.002881050
0.004495859
0.004647017
0.005078793
0.002715826
0.002253771
0.005343199
0.004039288
0.005408049
0.004567146
0.006295919
0.004642248
0.005074024
0.004278660
0.004277945
0.005195856
0.004356146
0.005240202
0.004051924
0.006119967
0.004129887
0.006628036
0.004961014
0.006960154
0.005198002
0.005495071
0.004445791
0.005729198
0.004251957
0.004592896
0.005044937
0.003941774
0.005705357
0.002196074
0.006922960
0.004197836
0.005593777
0.004047871
0.005630970
0.004659176
0.004213095
0.004628181
0.004316092
0.002511024
0.004688263
0.006045103
0.003718853
0.003589153
0.002345085
0.004523039
0.004373074
0.003744125
0.005849838
0.004111052
0.005177021
0.004367113
0.004092932
0.005172014
0.004053116
0.005280018
0.004170895
0.005788326
0.004527807
0.005115271
0.004722834
0.004654169
0.005767107
0.002013922
0.005437136
0.003448963
0.002364874
0.004582882
0.002815962
0.004303932
0.003900051
0.003207922
0.003157854
0.004282713
0.004268169
0.004616022
0.003842115
0.003813028
0.004158974
0.003291845
0.004040003
0.003634930
0.003174067
0.004731894
0.002470970
0.002121925
0.005228996
0.003025055
0.002370834
0.004357815
0.002539873
0.002112865
0.003787994
0.002438068
0.002470970
0.002609253
0.003172874
0.002978802
0.002277136
0.003436089
0.002604961
0.006879091
0.006304026
0.004505157
0.004417181
0.003999949
0.004508018
0.003816128
0.003638029
0.002806902
0.002506971
0.002543211
0.003667116
0.003597021
0.003720045
0.004040956
0.003087997
0.004504204
0.003051043
0.002458096
0.003496885
0.003019810
0.003444910
0.003685236
0.003021955
0.002779961
0.003254175
0.002991199
0.002901077
0.002714157
0.003324986
0.002749920
0.002435923
0.003615856
0.002797604
0.003068209
0.003820181
0.003185034
0.003265142
0.003875732
0.002672911
0.002473116
0.003273010
0.003061056
0.002615929
0.002291918
0.003045082
0.002526045
0.002174139
0.003715992
0.003345013
0.003069878
0.003803015
0.003642797
0.003006935
0.003611326
0.003368855
0.002367020
0.002809763
0.003098965
0.002550602
0.002203941
0.004523039
0.002944946
0.002558947
0.003435135
0.003515244
0.004828930
0.004348993
0.003072977
0.002539873
0.003144979
0.003016949
0.002843857
0.003632069
0.002676010
0.002423763
0.002337217
0.003351688
0.002633333
0.002213955
0.003463030
0.002937794
0.002922058
0.003008842
0.002814054
0.002436161
0.002194881
0.003428936
0.002665043
0.002699852
0.003955841
0.002752066
0.003162861
0.003772020
0.002600908
0.002042055
0.002107859
0.004319906
0.002646923
0.002086878
0.002736092
0.002662897
0.002063990
0.002166033
0.003628016
0.002252817
0.002146244
0.002454996
0.003741980
0.002106905
0.002134085
0.002591848
0.002243757
0.002102137
0.002123833
0.003842115
0.002867937
0.002331972
0.002758980
0.003136873
0.002115965
0.002441883
0.003116131
0.002753019
0.002113819
0.002342224
0.003453016
0.002374172
0.002078056
0.002283812
0.002399921
0.002155066
0.002104044
0.002406836
0.002925158
0.002403021
0.002186060
0.002790928
0.003267050
0.002419949
0.003077030
0.002761841
0.002322912
0.002196074
0.003386974
0.002641916
0.002267122
0.002739906
0.003519058
0.003688097
0.003415108
0.003389120
0.002089977
0.003281116
0.004161119
0.003158569
0.000010014
