0.007620096
0.006258965
0.004863024
0.006193876
0.005140066
0.007381916
0.007959127
0.007234097
0.007686853
0.007227182
0.005519867
0.004095078
0.006408930
0.003993988
0.007095098
0.003834963
0.007175922
0.004161119
0.006661892
0.005966902
0.005208969
0.005542278
0.005985022
0.003858089
0.004740000
0.004873991
0.004912853
0.005090237
0.004054070
0.005373955
0.004155874
0.005265951
0.004168987
0.004560947
0.005148172
0.004431725
0.006099939
0.004199743
0.005159855
0.006221771
0.006775141
0.004612923
0.005686998
0.003940821
0.002842188
0.004105091
0.003900051
0.007836103
0.006937027
0.005462646
0.003926039
0.005028963
0.010730028
0.005152702
0.005141973
0.004210949
0.003915071
0.005442142
0.003865004
0.005671978
0.003991127
0.004325867
0.005240917
0.003858089
0.006098747
0.004904032
0.006343126
0.004157782
0.004023075
0.006823778
0.007197380
0.004378796
0.009061813
0.004919052
0.006073236
0.004037142
0.005777121
0.004413366
0.002596140
0.004954815
0.003905058
0.005342245
0.004205942
0.005157232
0.004124165
0.003955126
0.005991220
0.004370928
0.006150961
0.004436970
0.005083084
0.004977942
0.004794836
0.004610777
0.003966093
0.005231142
0.004123926
0.004613161
0.004235029
0.003805876
0.005797863
0.004082918
0.005382061
0.003877163
0.004159927
0.004864216
0.003966808
0.005191803
0.005014896
0.003530025
0.009085178
0.005525827
0.004028082
0.006008148
0.002846956
0.003930807
0.006070852
0.004566908
0.004673958
0.004174232
0.004269123
0.005393028
0.003829002
0.005231142
0.004457235
0.004928112
0.003985882
0.004047155
0.005684137
0.004101753
0.005676031
0.004194736
0.004314899
0.004855871
0.004091740
0.006310940
0.003785849
0.005142927
0.004138947
0.004358053
0.004639149
0.003823757
0.007047892
0.003874063
0.004511118
0.004185915
0.004343987
0.005391121
0.004711866
0.006413937
0.004433155
0.005853891
0.006002903
0.006256104
0.004169941
0.004827261
0.004164219
0.004490137
0.004455090
0.003781080
0.007102013
0.006991863
0.007410765
0.008049965
0.005088091
0.006281137
0.003808022
0.004599094
0.004843235
0.003598213
0.005213022
0.004936934
0.008267164
0.002613068
0.006489038
0.007412910
0.006583214
0.004080057
0.005263805
0.004084110
0.004776955
0.004043818
0.004139900
0.005461931
0.003795862
0.004960775
0.004388094
0.006923676
0.090479136
0.005825043
0.004338980
0.003778934
0.003809929
0.005606890
0.003947020
0.004232883
0.005337954
0.004375935
0.005169153
0.004210949
0.004877090
0.004407167
0.004167080
0.006937027
0.004230976
0.004750013
0.003712177
0.005262852
0.004130125
0.003971815
0.005076885
0.004036188
0.005085945
0.004047871
0.003942013
0.005861759
0.003854752
0.005067110
0.003836870
0.004067898
0.004904985
0.003707886
0.004929066
0.004415989
0.003998041
0.005078077
0.003874063
0.004868984
0.004110098
0.004384041
0.005125046
0.004012108
0.005113125
0.004266977
0.004630089
0.004128933
0.003777027
0.005236864
0.004394054
0.004370928
0.004269600
0.003788948
0.006563902
0.006171942
0.006718874
0.007938147
0.004820824
0.005845070
0.004297972
0.005127907
0.005778074
0.005807161
0.005288124
0.004881859
0.006339073
0.004889727
0.005578041
0.004803181
0.005285978
0.004013062
0.005984068
0.005720854
0.005573750
0.009057045
0.005333185
0.005240917
0.005468845
0.004263163
0.008404970
0.008477211
0.006764174
0.008781910
0.005055904
0.006815910
0.006260872
0.004673719
0.004371405
0.004822969
0.004002810
0.005287886
0.004088879
0.004751921
0.004500151
0.003713846
0.004990816
0.003852844
0.004591703
0.004088879
0.003707170
0.004784822
0.004444838
0.004971027
0.004141092
0.004144192
0.005499125
0.003838301
0.005158186
0.004585028
0.004209042
0.005638123
0.003832817
0.006718874
0.003859997
0.004783154
0.003843069
0.004091740
0.005382776
0.003597260
0.004937887
0.003973246
0.003943920
0.004904985
0.003683090
0.005756140
0.003988981
0.004281282
0.004968882
0.003801107
0.005117893
0.004241943
0.005218983
0.004215956
0.003833055
0.005035162
0.004114151
0.004791975
0.003947973
0.003824234
0.005192041
0.004139662
0.004628897
0.003934145
0.003799200
0.006839037
0.004594088
0.007622957
0.004312992
0.005594254
0.004753113
0.008853197
0.005110025
0.005800009
0.004874945
0.005670309
0.004637957
0.007331133
0.004412174
0.006605148
0.004401922
0.005317926
0.004384279
0.007869244
0.004643917
0.007336855
0.005114079
0.005813837
0.004004002
0.005370855
0.004225016
0.004899740
0.004925966
0.006442070
0.004426956
0.004161119
0.005430222
0.004152060
0.005149364
0.004512072
0.005346060
0.004847050
0.004452944
0.005681992
0.003952980
0.005203009
0.004361868
0.005965710
0.004336119
0.004671097
0.004758835
0.004570961
0.005706310
0.003558874
0.005672932
0.004485846
0.006299019
0.004332781
0.004323006
0.004935026
0.004091024
0.005317926
0.004591942
0.005598783
0.004079103
0.006289005
0.005949736
0.004926920
0.005183935
0.004090071
0.005123138
0.004179955
0.004914999
0.004099131
0.005398989
0.004304171
0.004242897
0.005686998
0.004291773
0.007355213
0.004252911
0.005967140
0.004375935
0.004787922
0.003934860
0.003612995
0.005339861
0.005788088
0.009042978
0.008070946
0.007529020
0.005700111
0.004293203
0.004857063
0.004110813
0.005424976
0.003823996
0.004133224
0.005066156
0.003955364
0.004894257
0.003808022
0.004059076
0.005300999
0.003831863
0.005005836
0.003727674
0.004298925
0.005357027
0.004126787
0.005065918
0.004117966
0.005468130
0.004504919
0.006000996
0.004578829
0.004061937
0.007328749
0.003795147
0.007938862
0.003967047
0.005199909
0.004966736
0.006276131
0.005239010
0.004953146
0.004554033
0.005860090
0.004832745
0.004023790
0.005881786
0.004681110
0.005609989
0.004410028
0.005215168
0.004730940
0.005436182
0.005162001
0.004721880
0.004746199
0.004013062
0.005791187
0.004047155
0.005450010
0.004014730
0.006538868
0.004017830
0.004709959
0.005516052
0.004628897
0.005959034
0.004346848
0.005828142
0.004116058
0.005277872
0.004554033
0.005908012
0.005635738
0.006243706
0.004811049
0.004843950
0.005338907
0.004691124
0.005737066
0.004182100
0.005852938
0.005334139
0.006031990
0.004390955
0.006108046
0.004357815
0.006591082
0.006833792
0.006887913
0.007453918
0.005881071
0.004680872
0.005547047
0.005059004
0.004926443
0.004610062
0.005742073
0.003823042
0.006069660
0.006069183
0.005633116
0.003850937
0.004336119
0.005459785
0.004800081
0.006241083
0.005425215
0.005551100
0.004951000
0.005688906
0.003937006
0.005228043
0.005148888
0.003587008
0.004173994
0.003773928
0.004988909
0.003887177
0.003937006
0.005155087
0.004027843
0.005339146
0.003797054
0.004515886
0.004618883
0.004347801
0.005517721
0.003957033
0.005488157
0.004226923
0.003988981
0.005304098
0.003942251
0.005208015
0.003845215
0.004021168
0.005904198
0.004065990
0.005266905
0.003951073
0.004886150
0.003994226
0.003752947
0.005474091
0.003994226
0.005481243
0.003758192
0.005337954
0.005407095
0.004200935
0.007911921
0.004177809
0.006712914
0.003875971
0.006770372
0.004341125
0.005767822
0.004603863
0.005478859
0.004515171
0.005735874
0.005678892
0.005434990
0.007519007
0.008583069
0.007484913
0.007939100
0.007422924
0.005615234
0.006524801
0.004065990
0.005426407
0.004181862
0.006404161
0.004898787
0.009283781
0.002602816
0.005127907
0.004220009
0.003201008
0.005880833
0.004405022
0.006086826
0.004701853
0.006157637
0.004143953
0.006422043
0.002933979
0.004469872
0.006678820
0.004061937
0.004949093
0.003815174
0.005229950
0.004143238
0.004852057
0.004683018
0.003835678
0.005332947
0.004152060
0.005391121
0.003950119
0.004265070
0.005736113
0.004210949
0.007080317
0.004496336
0.006651878
0.003987312
0.005894899
0.005085945
0.007482767
0.003743887
0.005203009
0.004381895
0.005202055
0.004360199
0.004177332
0.005735159
0.004433155
0.005537987
0.004297972
0.004979849
0.005431175
0.005661249
0.005300283
0.004333973
0.005487919
0.003734112
0.006177902
0.004103899
0.006155014
0.004431963
0.004914999
0.005017757
0.004827261
0.005186081
0.003906012
0.005412817
0.004266024
0.005378008
0.004880190
0.004769087
0.004765749
0.004037857
0.005561113
0.004511356
0.005934954
0.004483938
0.004909754
0.005460024
0.004521847
0.005746841
0.005381107
0.005677938
0.004393816
0.005582094
0.004694939
0.007339954
0.004750967
0.005846024
0.004235983
0.005253077
0.004714012
0.005208015
0.005374193
0.002997160
0.005318165
0.004569769
0.005105019
0.004580021
0.005342007
0.005069256
0.005213261
0.005351782
0.006273031
0.004415274
0.004020214
0.005569935
0.004980087
0.005437851
0.003824949
0.004526854
0.005122900
0.003946066
0.006741047
0.005679131
0.005768061
0.004495144
0.006310940
0.004412889
0.005639315
0.004498959
0.006718874
0.004569769
0.005115032
0.004923820
0.004729748
0.005510092
0.004453182
0.005208969
0.004312992
0.005505085
0.004428864
0.005084276
0.004854918
0.002389908
0.007974863
0.004234791
0.006375790
0.004285097
0.006065130
0.003911018
0.005825043
0.005291939
0.005747080
0.004610777
0.005282879
0.004779816
0.004351854
0.006399155
0.004812002
0.006056309
0.004429817
0.008152246
0.008270741
0.007776976
0.007737160
0.009499788
0.003797054
0.006717205
0.005795717
0.005748272
0.004093885
0.005454779
0.004667044
0.004866123
0.005240917
0.003371954
0.004357100
0.005506039
0.004179001
0.005574942
0.004768848
0.006444216
0.004843950
0.005214930
0.004476070
0.004426003
0.005338192
0.004499912
0.005407095
0.004181862
0.006306887
0.004260778
0.006789207
0.005133152
0.007156134
0.005353212
0.005685091
0.004575968
0.005886793
0.004401922
0.004753828
0.005214214
0.004052162
0.005873919
0.004370928
0.007064104
0.004329920
0.005752802
0.004168034
0.005767107
0.004835129
0.004353046
0.004781008
0.004515171
0.005891085
0.004813194
0.006223917
0.003853083
0.005891085
0.003663063
0.004673004
0.004502058
0.003895998
0.005998135
0.004285097
0.005321264
0.004539728
0.004283190
0.005300045
0.004180908
0.005409002
0.004291773
0.005921125
0.004659891
0.005315065
0.004890203
0.004793167
0.005914927
0.003216982
0.005607128
0.003587008
0.002470970
0.004712105
0.002951145
0.004485846
0.004066229
0.003339052
0.003340960
0.004525900
0.004504204
0.004772186
0.003968000
0.003969908
0.004375696
0.003434896
0.004204035
0.003859043
0.003330946
0.004888058
0.002582073
0.002289057
0.005393982
0.003195047
0.002539158
0.004507780
0.002650738
0.002222300
0.003934383
0.002555847
0.002572060
0.002761364
0.003340006
0.003112793
0.002374172
0.003611088
0.002717018
0.007076025
0.006944895
0.005287886
0.004985094
0.004207134
0.004726887
0.003959894
0.003817320
0.002914906
0.002620935
0.002662182
0.003815174
0.003727198
0.003869295
0.004181862
0.003213882
0.004681349
0.003193855
0.002563953
0.003675938
0.003170252
0.003572941
0.003829956
0.003136873
0.002960205
0.003406763
0.003147125
0.003049135
0.002827168
0.003530025
0.002917290
0.002556801
0.003733158
0.002933979
0.003189325
0.003985882
0.003298998
0.003406048
0.004050016
0.002782822
0.002632141
0.003410101
0.003186226
0.002727747
0.002402067
0.003186941
0.002668142
0.002275944
0.003870010
0.003464937
0.003209829
0.003966331
0.003766775
0.003108978
0.003718138
0.003475904
0.002456188
0.002958059
0.003215075
0.002686262
0.002315998
0.004669905
0.003091812
0.002668142
0.003581047
0.003643274
0.004964113
0.004521132
0.003234148
0.002679586
0.003279686
0.003154993
0.002963066
0.003785849
0.002774715
0.002540588
0.002475023
0.003467083
0.002795935
0.002319098
0.003602028
0.003064156
0.003032923
0.003152132
0.002945900
0.002544880
0.002307177
0.003566027
0.002785921
0.002827883
0.004144907
0.002856016
0.003282070
0.003891945
0.002700090
0.002138138
0.002205849
0.004437923
0.002737284
0.002191067
0.002877951
0.002761126
0.002153873
0.002260923
0.003772020
0.002351046
0.002262115
0.002605200
0.003864765
0.002223253
0.002234936
0.002693176
0.002333164
0.002190113
0.002214193
0.004009008
0.002969027
0.002428055
0.002867937
0.003253937
0.002212286
0.002534151
0.003344774
0.002864838
0.002204180
0.002491951
0.003608227
0.002507925
0.002235174
0.002413988
0.002521038
0.002278805
0.002214909
0.002531052
0.003059864
0.002546787
0.002327919
0.002919197
0.003414631
0.002539158
0.003206015
0.002888918
0.002432108
0.002304077
0.003541946
0.002785921
0.002367973
0.002862215
0.003669024
0.003830910
0.003535986
0.003540039
0.002178669
0.003415108
0.004328012
0.003337145
0.000083923
