0.011492968
0.010843039
0.004013062
0.004257917
0.004451036
0.005271196
0.002968788
0.005079031
0.006947994
0.005362034
0.004106998
0.004152060
0.003908157
0.003081083
0.002189875
0.002696991
0.003937006
0.007169962
0.004418850
0.005669832
0.004161835
0.004047871
0.003279924
0.003901958
0.002895117
0.002241850
0.003528118
0.003065825
0.002350092
0.003311157
0.003518343
0.002137661
0.002852201
0.003754139
0.002222061
0.002710104
0.003646135
0.002427101
0.002714157
0.003133059
0.003458738
0.002146006
0.002156973
0.009809732
0.003125906
0.003683090
0.002701044
0.002257109
0.003668308
0.002990723
0.002201796
0.002831936
0.003527164
0.002363920
0.002690792
0.003461123
0.003037930
0.002608776
0.002510071
0.004091740
0.002841711
0.002367973
0.007786989
0.003308058
0.003694296
0.003079891
0.002320051
0.004051924
0.002873898
0.002499819
0.002475977
0.004227161
0.003148079
0.002328157
0.011445999
0.004796028
0.003020048
0.002758026
0.003521919
0.002985954
0.002217054
0.002401114
0.003967047
0.003592968
0.002627134
0.003766775
0.002704144
0.002417088
0.004766941
0.002699137
0.002220154
0.002732038
0.003581762
0.002333879
0.002373695
0.005221844
0.002582073
0.002312899
0.004420042
0.002547026
0.002181053
0.002429008
0.005699873
0.002385855
0.002835989
0.004545212
0.005988836
0.004406929
0.003009081
0.002996922
0.004159927
0.003540277
0.002279997
0.004352093
0.002351761
0.002233267
0.003996134
0.003422022
0.002600193
0.003233194
0.003463030
0.003069878
0.002700090
0.003772020
0.002576828
0.002357960
0.003450871
0.003141880
0.002116680
0.002388239
0.003853083
0.003242016
0.002689838
0.004477978
0.002592087
0.002184868
0.002954006
0.003457069
0.002227068
0.002242088
0.003625154
0.003809214
0.002692699
0.003643274
0.003483057
0.002341747
0.003302813
0.003654242
0.002547979
0.002834320
0.003603935
0.002164841
0.002296686
0.005155087
0.002229214
0.002315760
0.009928942
0.003350019
0.003839016
0.002573967
0.002277851
0.002960920
0.003046274
0.002197981
0.002222776
0.003713131
0.002713919
0.002386808
0.002713203
0.004554033
0.004405975
0.004046917
0.004230976
0.002498150
0.003882885
0.002864122
0.004112005
0.003956079
0.003042698
0.002888203
0.003937006
0.002830029
0.002283096
0.003569841
0.003359079
0.002964973
0.003628016
0.003237963
0.002469063
0.002454996
0.003761768
0.002681255
0.002178907
0.005246162
0.003015995
0.004259825
0.006092072
0.005060673
0.006320953
0.005210876
0.007395983
0.008253336
0.006998777
0.007546186
0.007266760
0.005682945
0.003895044
0.006815195
0.003986835
0.007295132
0.003789186
0.007217169
0.004051924
0.006814957
0.005808830
0.005470991
0.005549192
0.006039619
0.003862143
0.004730940
0.004865170
0.005064011
0.004758835
0.003954887
0.005846977
0.004100800
0.005514145
0.004218817
0.004754066
0.004917145
0.004540920
0.005840778
0.004320860
0.005028248
0.006342888
0.006948233
0.004817963
0.005535841
0.003895044
0.007304907
0.003888130
0.007590294
0.006985903
0.005756855
0.004009962
0.005158186
0.010875702
0.004885912
0.004963875
0.004289627
0.003955126
0.005630970
0.003979921
0.005649805
0.004047871
0.004426003
0.004986048
0.003911972
0.006210089
0.004749060
0.006325006
0.004368067
0.007484913
0.003418922
0.006849766
0.004569054
0.009004831
0.004872322
0.005805969
0.004065990
0.005876303
0.004604340
0.008086920
0.004029036
0.005317211
0.004157066
0.005162001
0.004265308
0.004016876
0.005934715
0.004405022
0.006134033
0.004232883
0.005066872
0.005176067
0.004844904
0.004422188
0.004199266
0.005126953
0.004235983
0.004642010
0.004173279
0.003845215
0.005672932
0.004120111
0.005462885
0.003940105
0.004236937
0.004799843
0.004045010
0.005097866
0.005118847
0.006998062
0.005498886
0.005522966
0.004147291
0.006270885
0.007358074
0.006304979
0.004380226
0.004695177
0.004297972
0.004149914
0.005224943
0.003919840
0.005340099
0.004408121
0.004957914
0.003926992
0.004024029
0.005654812
0.004212141
0.005756140
0.004149437
0.004379749
0.005154133
0.004121065
0.006165028
0.003854036
0.005217791
0.004152060
0.004342079
0.004686832
0.004000902
0.007459164
0.003753185
0.004554033
0.004228115
0.004310608
0.005300045
0.004607916
0.006577253
0.004416943
0.005855322
0.005947828
0.006292105
0.004206896
0.004909754
0.004107237
0.004489183
0.004656315
0.003807068
0.007385969
0.006682873
0.006799936
0.008207798
0.005103827
0.006189108
0.003957987
0.004555941
0.004647970
0.003621101
0.005124092
0.004857063
0.003672123
0.004234791
0.009593725
0.007662058
0.006587267
0.004002810
0.005351782
0.004274845
0.004629135
0.004178047
0.004085779
0.005303860
0.003863811
0.005077124
0.004477262
0.006698847
0.090581179
0.005934000
0.004323006
0.008092165
0.005686045
0.004109144
0.004376173
0.005359173
0.004208088
0.005071878
0.003992081
0.005115986
0.004696131
0.004287958
0.006642103
0.004321575
0.004706144
0.003633976
0.005253077
0.004163027
0.003877878
0.005095005
0.004198313
0.005089998
0.004089117
0.003924847
0.005821943
0.003970861
0.004987001
0.003821135
0.004071951
0.004785776
0.003777027
0.004838943
0.004432917
0.004001856
0.005248070
0.003767014
0.004882097
0.004341125
0.004221201
0.005255222
0.003947020
0.005249023
0.004307270
0.004616261
0.004067898
0.003886700
0.005257368
0.004427910
0.004410267
0.004305124
0.003844023
0.006528139
0.006270885
0.006841183
0.007907152
0.004791975
0.005857944
0.004291058
0.005189180
0.005971909
0.005913019
0.005292177
0.004804134
0.006217957
0.004796982
0.005590200
0.004775047
0.005372763
0.003971815
0.005968809
0.002537251
0.003006935
0.005482912
0.009098053
0.005380869
0.005784988
0.005446911
0.004243135
0.008323193
0.008011103
0.006794930
0.008925915
0.005219936
0.006828070
0.006251097
0.004581213
0.004489899
0.004900694
0.004088879
0.005095243
0.004188061
0.004742861
0.004439116
0.003733635
0.005176067
0.003853798
0.004514933
0.004061937
0.003843784
0.004698038
0.004420757
0.005023956
0.004265070
0.004177094
0.005403996
0.003993273
0.005013943
0.004700184
0.004161119
0.005616903
0.003524065
0.003075838
0.003434896
0.003699064
0.004744053
0.003864765
0.004194975
0.005089998
0.003719330
0.005031109
0.003570318
0.003929138
0.005136967
0.003707170
0.005582094
0.004027843
0.004382849
0.004981041
0.003906965
0.005180836
0.004281044
0.005244017
0.004178047
0.003854036
0.004916906
0.004213810
0.004732847
0.004022121
0.003947973
0.005160093
0.003931284
0.004645824
0.004148006
0.003659964
0.007004023
0.004697800
0.007772923
0.004200935
0.005822897
0.004785776
0.008720160
0.005205154
0.005855083
0.004936934
0.005997896
0.004697800
0.007662773
0.004364729
0.006814241
0.004207134
0.005331039
0.004420280
0.003313780
0.004302979
0.004492044
0.007344723
0.005100012
0.006163359
0.003855944
0.005315065
0.004341841
0.004888058
0.004932165
0.006311178
0.004387856
0.004323959
0.005353928
0.004004955
0.005205154
0.004675865
0.005459785
0.004607916
0.004500389
0.005541086
0.003991127
0.005294085
0.004317045
0.006103039
0.004173994
0.004668951
0.004779100
0.004533052
0.005407810
0.003952026
0.005641937
0.004752874
0.006212234
0.004210234
0.004425287
0.004921198
0.003942966
0.005434275
0.004579782
0.005657911
0.004225016
0.006258249
0.005712032
0.004932165
0.005194902
0.004077196
0.004827976
0.004309893
0.004952192
0.004266977
0.005296946
0.004448652
0.004023075
0.005772114
0.004208803
0.007498980
0.004199982
0.005861998
0.004442215
0.004905224
0.003923178
0.003548861
0.005311966
0.005406857
0.009715080
0.008127928
0.007254124
0.006683826
0.004256010
0.004970074
0.004179001
0.005413055
0.003978014
0.004076004
0.005095005
0.003979921
0.004643917
0.003698826
0.004004955
0.005601883
0.003714085
0.004958868
0.003992081
0.004276991
0.005192280
0.003994226
0.005223989
0.004052877
0.005522251
0.004724026
0.005928993
0.004589081
0.003973722
0.007406712
0.003950119
0.007856846
0.003999949
0.005209923
0.004800081
0.006314039
0.005273819
0.005015135
0.004510880
0.005964041
0.004832029
0.004066944
0.005754948
0.004761934
0.005369902
0.004342079
0.005280972
0.004775047
0.005453110
0.005202770
0.004759073
0.004823208
0.003868818
0.005858898
0.004184723
0.005555153
0.004221916
0.006415129
0.003905058
0.004814863
0.005470991
0.004567146
0.006058931
0.004269838
0.005831003
0.004268885
0.005460978
0.004480124
0.005578041
0.005675077
0.006356955
0.004850864
0.004753113
0.005377769
0.004498959
0.005929947
0.004142046
0.005789042
0.005450964
0.005862951
0.004592180
0.005944729
0.004127979
0.007627010
0.006693125
0.007474899
0.007379055
0.005995035
0.004637241
0.005446911
0.005066156
0.004764080
0.004714012
0.005567789
0.003800154
0.006093740
0.006214142
0.005671978
0.003806114
0.004223824
0.005586863
0.004719019
0.006222010
0.005452156
0.005662203
0.004743814
0.005865097
0.003918171
0.005032063
0.005315065
0.008212805
0.003800869
0.005068064
0.003915071
0.004169941
0.004952192
0.004040003
0.005326986
0.003801823
0.004563808
0.004453897
0.004221201
0.005349159
0.004055023
0.005481958
0.004399061
0.003887892
0.005213976
0.004022121
0.005233765
0.003975153
0.003966808
0.005461931
0.003970146
0.005102158
0.004071951
0.004940033
0.004103184
0.003761053
0.005445004
0.004070997
0.005505085
0.003489017
0.005388021
0.004256964
0.007956982
0.004144907
0.006609201
0.003740788
0.006774902
0.004506111
0.005615711
0.004575014
0.005676031
0.004560947
0.005753756
0.005506039
0.005354166
0.007974863
0.008683205
0.007028103
0.007563114
0.007359028
0.005614042
0.006563187
0.004142046
0.005455017
0.004306078
0.006039858
0.004878998
0.004055023
0.004786968
0.008153915
0.002504826
0.005054951
0.005865097
0.004495144
0.006093025
0.004526138
0.006152153
0.004154921
0.003327131
0.005998135
0.004584789
0.003337145
0.002916813
0.004072905
0.005200863
0.003859043
0.005127192
0.004099131
0.004781723
0.004767895
0.003717899
0.005340815
0.004287004
0.005198240
0.003959894
0.004314899
0.005596161
0.004197121
0.007109165
0.004465103
0.006603718
0.004225969
0.005848885
0.005033016
0.007730961
0.003929853
0.005134106
0.004290104
0.005236864
0.004407883
0.004147768
0.005845070
0.004524708
0.005616903
0.004225016
0.005150795
0.005329132
0.005656719
0.005138874
0.004246950
0.005687714
0.003876925
0.006295204
0.004049301
0.006176949
0.004477024
0.004848242
0.005070210
0.004919052
0.005089045
0.003948927
0.005554199
0.004312754
0.005414724
0.004755974
0.004824162
0.004888058
0.004047871
0.005404949
0.004448891
0.005870104
0.004601002
0.004964113
0.005409002
0.004533052
0.005872726
0.005482912
0.005806208
0.004381895
0.005923986
0.004422903
0.007429838
0.004677773
0.005921125
0.004239798
0.005296230
0.004662991
0.005357981
0.005077124
0.008893728
0.004655838
0.005160093
0.004728794
0.005384922
0.004977942
0.005084038
0.005444050
0.006264925
0.004253149
0.003965139
0.005620956
0.005141020
0.005440950
0.003799915
0.004460096
0.005096912
0.004065752
0.006749153
0.005508184
0.005862951
0.004589081
0.006371975
0.004405022
0.005773067
0.004432917
0.006639004
0.004590988
0.005053759
0.004774094
0.004692793
0.005601645
0.004358053
0.005458117
0.004325867
0.005601168
0.004244089
0.005361319
0.004746914
0.005907297
0.004620075
0.004140139
0.006417990
0.004296064
0.006105900
0.003881931
0.005847216
0.005128145
0.005867004
0.004366159
0.005370855
0.004827261
0.004581213
0.006284714
0.004906178
0.005761147
0.004534006
0.008038998
0.008025646
0.007349968
0.007599115
0.003921986
0.005095959
0.003864288
0.006832838
0.005404949
0.005810022
0.004363060
0.005486965
0.004668951
0.004741192
0.005400181
0.003771782
0.006435871
0.004286051
0.005806208
0.004243135
0.005533218
0.004693985
0.006333828
0.004768133
0.005407810
0.004499912
0.004436970
0.005451918
0.004552841
0.005644083
0.004124880
0.006096840
0.004291773
0.006769896
0.005085945
0.007236004
0.005400896
0.005656958
0.004697084
0.005912066
0.004457951
0.004669905
0.005131006
0.004073381
0.005666018
0.004341125
0.007440805
0.004258871
0.005897999
0.004062891
0.005821943
0.004676104
0.004377127
0.004766941
0.004528761
0.006045818
0.004665136
0.006273031
0.003909826
0.002772808
0.006860971
0.004606962
0.004333973
0.003847122
0.005918026
0.004364967
0.005338907
0.004535198
0.004307985
0.005143881
0.004236937
0.005337954
0.004348993
0.005743742
0.004832983
0.005412102
0.004925013
0.004707098
0.009929895
0.005738258
0.000180960
