0.011080980
0.010632277
0.003854036
0.004081964
0.004313231
0.005125046
0.002835751
0.004949093
0.006802082
0.005244017
0.003959894
0.004039049
0.003755093
0.002982855
0.002094030
0.002583027
0.003756046
0.007026911
0.004280806
0.005532265
0.003898859
0.003890991
0.003155947
0.003736258
0.002779007
0.002135992
0.003393173
0.002896786
0.002252102
0.003175974
0.003334045
0.002028704
0.002727032
0.003587008
0.002104044
0.002589941
0.003517866
0.002326012
0.002587080
0.003017902
0.003354788
0.002053022
0.002059937
0.009624958
0.003001690
0.003513098
0.002586842
0.002168179
0.003521919
0.002892017
0.002079248
0.002710104
0.003391981
0.002240896
0.002557278
0.003278017
0.002922058
0.002489090
0.002382994
0.003924847
0.002743006
0.002220154
0.007628918
0.003211021
0.003515005
0.002942085
0.002195835
0.003864765
0.002774000
0.002393723
0.002374172
0.004073858
0.002991199
0.002228022
0.011272907
0.004662037
0.002902031
0.002636194
0.003370047
0.002844095
0.002120972
0.002288818
0.003795862
0.003475904
0.002518654
0.003607988
0.002590895
0.002316952
0.004610062
0.002584934
0.002123117
0.002609253
0.003411055
0.002218962
0.002243996
0.005062103
0.002474070
0.002202034
0.004298210
0.002434254
0.002079964
0.002310276
0.005555153
0.002290964
0.002725124
0.004441977
0.005872965
0.004228115
0.002866983
0.002835989
0.004003763
0.003393888
0.002151012
0.004223108
0.002258062
0.002123117
0.003823996
0.003290176
0.002505064
0.003042221
0.003329039
0.002938747
0.002577066
0.003611803
0.002460957
0.002232075
0.003328800
0.003019094
0.002023220
0.002282858
0.003703833
0.003093004
0.002507925
0.004296064
0.002483845
0.002042770
0.002767324
0.003308058
0.002125025
0.002134085
0.003500938
0.003612995
0.002562046
0.003495932
0.003347158
0.002229929
0.003123999
0.003504038
0.002440929
0.002682924
0.003451109
0.002063274
0.002166033
0.004978180
0.002128124
0.002194881
0.009768963
0.003225803
0.003683090
0.002466917
0.002170086
0.002800941
0.002906799
0.002100945
0.002094030
0.003537893
0.002585173
0.002272129
0.002557993
0.004364967
0.004230022
0.003878117
0.004101038
0.002385855
0.003751040
0.002745152
0.003958941
0.003768682
0.002898932
0.002718925
0.003754854
0.002693892
0.002162933
0.003404140
0.003206968
0.002831936
0.003489733
0.003053188
0.002359152
0.002345085
0.003616095
0.002574921
0.002072811
0.005030870
0.002825975
0.003048897
0.005897045
0.004875898
0.006183863
0.005067825
0.007094145
0.007731915
0.006739140
0.007282972
0.007106066
0.005498886
0.002040148
0.006630898
0.003845692
0.007129192
0.003666878
0.007096052
0.003945112
0.006669998
0.005659342
0.005336046
0.005426884
0.005888939
0.003757000
0.004589081
0.004711866
0.004814863
0.004645109
0.002122879
0.005694866
0.003993273
0.002794027
0.002475977
0.004475117
0.004796982
0.004385948
0.005693913
0.004179001
0.004889965
0.006229162
0.006818056
0.004614830
0.002526999
0.001996994
0.003516912
0.002158165
0.004322052
0.003755808
0.003616095
0.003847122
0.005013943
0.010720015
0.004750252
0.002487898
0.002464056
0.002072096
0.003365993
0.003817081
0.005525827
0.003939152
0.004294872
0.004853964
0.003763199
0.006017923
0.004596949
0.006150961
0.004244089
0.004224062
0.002064943
0.006692886
0.004429817
0.008877993
0.004662037
0.005629063
0.003896952
0.005663157
0.004387856
0.003993273
0.003895044
0.005135775
0.004003048
0.005008698
0.004116058
0.003867865
0.005734921
0.004287243
0.005949974
0.004072905
0.004918098
0.005052090
0.004684925
0.004299164
0.004063129
0.005008221
0.004122734
0.004505157
0.004034042
0.003638983
0.005545139
0.004008055
0.005318880
0.003826857
0.004091978
0.004658937
0.003928900
0.004925013
0.004956007
0.004088163
0.005373001
0.005356073
0.003956079
0.006128788
0.007189035
0.006020069
0.004233360
0.004533052
0.004193783
0.004017115
0.005060196
0.003791094
0.005161047
0.004249096
0.004827976
0.003833055
0.003890276
0.005507946
0.004097939
0.003129721
0.003961802
0.004235029
0.005020857
0.002065897
0.006026030
0.003739119
0.005047083
0.004004002
0.004183054
0.004561901
0.002244949
0.007294893
0.003597975
0.004427910
0.004102945
0.004145145
0.005155802
0.004449844
0.006419897
0.004268885
0.005680799
0.005806684
0.006134987
0.004062891
0.004755974
0.003987074
0.004343987
0.004514933
0.003698826
0.003787041
0.006226063
0.006380081
0.007930040
0.004978895
0.006016016
0.003838778
0.004414082
0.004530907
0.003509998
0.004949093
0.002906084
0.003496885
0.002203226
0.007430792
0.007508993
0.006438017
0.003847361
0.005167723
0.004132748
0.004497051
0.004014969
0.003964901
0.005162001
0.003741026
0.004931927
0.004341125
0.006557226
0.090385914
0.005794048
0.002537012
0.005892038
0.005500078
0.003952026
0.004252195
0.005211115
0.004097939
0.003086090
0.002216101
0.002409935
0.004575968
0.004158020
0.006464005
0.004157782
0.004572868
0.003530025
0.005141020
0.004024982
0.003751040
0.004941702
0.004045010
0.004960060
0.003977299
0.003779650
0.005671978
0.003862143
0.004859924
0.003731251
0.003946066
0.004636288
0.003647089
0.004669189
0.004280806
0.003880978
0.005089045
0.003667116
0.004746914
0.004212856
0.004046917
0.005146980
0.003795862
0.005020857
0.004174948
0.004487038
0.003952980
0.003771067
0.005131006
0.004270792
0.004293203
0.004205942
0.003710985
0.006329060
0.006120920
0.006633997
0.007750273
0.004679918
0.005733728
0.004144192
0.004891872
0.005796909
0.005772829
0.005134106
0.004595995
0.006071091
0.004667997
0.005406857
0.004594803
0.005198956
0.003846884
0.005855083
0.002397060
0.002044916
0.005331039
0.008962870
0.005223036
0.005197048
0.005306244
0.002203941
0.007274866
0.007729053
0.006348133
0.008729219
0.004900932
0.006611824
0.006089926
0.004459858
0.004365206
0.004727125
0.003971100
0.004948854
0.004064083
0.004593849
0.004302740
0.003598928
0.005016088
0.003751040
0.004389048
0.003902912
0.003725052
0.004543066
0.004304886
0.004897118
0.004162788
0.004061937
0.005253077
0.003860950
0.004865885
0.004527092
0.004042864
0.005488873
0.003421068
0.002923012
0.002114773
0.003567934
0.004616022
0.003766060
0.004058838
0.004957914
0.003579140
0.004872084
0.002038956
0.003757000
0.004988194
0.003549337
0.005447865
0.003931999
0.004258871
0.004856825
0.003754139
0.004992962
0.004159927
0.005084991
0.004000902
0.003733873
0.004761934
0.004095078
0.004592896
0.003925800
0.003794909
0.005017042
0.003836870
0.004527092
0.004003048
0.003529072
0.006829023
0.004560232
0.007606983
0.004060268
0.005682945
0.004680872
0.008546114
0.005065203
0.005683899
0.004666328
0.005799294
0.004495859
0.007519007
0.004189014
0.006669044
0.004085064
0.005206823
0.004278898
0.003142834
0.002289057
0.004344702
0.007185221
0.004951239
0.005983829
0.003704071
0.005147219
0.004225016
0.004743814
0.004780769
0.006156206
0.004228830
0.004170895
0.005165100
0.003862858
0.005067110
0.004485846
0.005284071
0.004472017
0.004354954
0.005385876
0.003872871
0.005110025
0.004123211
0.005878210
0.004020929
0.004528046
0.004636765
0.004405022
0.005259037
0.002341032
0.003396749
0.004626751
0.006075859
0.004071951
0.004269123
0.004737854
0.003803015
0.005264282
0.004454851
0.005500078
0.004083157
0.006134987
0.005564928
0.004739046
0.005030870
0.003945112
0.004698038
0.004186869
0.004824638
0.004124165
0.005147219
0.004333019
0.003887177
0.005660057
0.004086971
0.007365942
0.004078150
0.005739927
0.004304886
0.004770041
0.003803253
0.003401041
0.005164146
0.005208969
0.009045124
0.007705212
0.006975889
0.006405115
0.004106998
0.004834890
0.004013777
0.005261898
0.003860950
0.003956079
0.004951000
0.003859043
0.002356052
0.003584146
0.003884077
0.005449772
0.003597021
0.004818201
0.003814936
0.004147053
0.005079031
0.002338886
0.005023956
0.003940821
0.005398035
0.004577160
0.005775928
0.004436970
0.002147913
0.007227182
0.003827095
0.007741928
0.003894091
0.004990816
0.004650116
0.003527880
0.005089760
0.004856110
0.004332066
0.005730867
0.004668951
0.003951073
0.005571127
0.004632950
0.005237818
0.004196882
0.005112171
0.004642010
0.005313635
0.005069256
0.004616976
0.004634142
0.003681898
0.005662918
0.004043102
0.005391836
0.004060030
0.006263971
0.003770113
0.004606962
0.005328894
0.004412174
0.005897999
0.004151821
0.005680323
0.004137993
0.005311966
0.004329920
0.005430937
0.005551100
0.006179094
0.004700899
0.004570246
0.005218029
0.004374981
0.005786180
0.004021883
0.005642176
0.005311966
0.005669832
0.004472017
0.005795002
0.003998280
0.006702900
0.006561041
0.007298946
0.007234097
0.005865812
0.004435062
0.005278111
0.004876137
0.004633904
0.004565001
0.005408049
0.003697872
0.005946875
0.006078005
0.005529881
0.003667116
0.004006147
0.005280972
0.004539251
0.006064177
0.005270004
0.005475044
0.002770185
0.005688906
0.003762007
0.004905224
0.005188704
0.003592014
0.002089262
0.004915953
0.003802061
0.004021883
0.004806757
0.003880978
0.005162954
0.003690958
0.004435062
0.004328966
0.004104853
0.005231857
0.003920794
0.005349874
0.004287004
0.003746033
0.005048037
0.003895044
0.005110741
0.003803253
0.003807068
0.002472162
0.003788948
0.004925966
0.003939867
0.004816294
0.003995895
0.003635406
0.005255938
0.003942966
0.005337954
0.002564907
0.005190134
0.004141092
0.007812977
0.004024744
0.006478071
0.003636122
0.006637096
0.004335880
0.005476952
0.004450083
0.005507946
0.004429102
0.005620003
0.005388021
0.005011082
0.007460833
0.008246899
0.004049063
0.007414103
0.007211924
0.005440950
0.006392241
0.004029036
0.005258083
0.004192829
0.005868673
0.002891064
0.003876209
0.002526999
0.004948854
0.002366066
0.002228022
0.005681276
0.004373789
0.005930901
0.004356861
0.006004095
0.002406836
0.003143072
0.002204895
0.004364967
0.003183126
0.002007008
0.003847837
0.005017757
0.002002954
0.004961014
0.003955841
0.004609823
0.004616976
0.003558874
0.005160093
0.004159927
0.005063057
0.003852129
0.004172087
0.005456209
0.004065990
0.006939888
0.004313946
0.006477833
0.002537012
0.003169060
0.002980947
0.007572889
0.003761053
0.004988909
0.004159927
0.005029678
0.004285097
0.004027128
0.005712271
0.004361868
0.005447865
0.004088640
0.005024195
0.005166769
0.005506992
0.004996061
0.004034042
0.005519867
0.003762960
0.006159067
0.003932953
0.005995989
0.004304886
0.004671812
0.004881859
0.004781961
0.004930019
0.003814220
0.005348682
0.004184961
0.005256176
0.004631042
0.004663944
0.004759073
0.003904104
0.005246878
0.004252911
0.005714178
0.004450798
0.004786968
0.005272865
0.004317999
0.005717993
0.005354166
0.005657673
0.004189253
0.005747795
0.004242897
0.007216215
0.004526138
0.005721092
0.004104853
0.005152941
0.004518986
0.005217075
0.002589226
0.004276037
0.004489899
0.004980087
0.004583836
0.005242825
0.004808187
0.004923105
0.005277872
0.006128311
0.004118919
0.003834009
0.005444288
0.004991055
0.002227783
0.002022028
0.004319906
0.004936934
0.003932714
0.006608248
0.005373001
0.005669832
0.004454851
0.006216288
0.004293203
0.005586863
0.004290104
0.006482124
0.004380941
0.004853964
0.004608870
0.004492044
0.003628016
0.002172947
0.005251884
0.004207850
0.005405903
0.004073143
0.005211115
0.004595041
0.005772114
0.002590179
0.003969908
0.006229877
0.004166126
0.005974054
0.003761053
0.005679131
0.005002022
0.005657196
0.004227638
0.005201817
0.004678965
0.004412174
0.006084204
0.004783154
0.005635977
0.004374027
0.007836819
0.007361174
0.006928921
0.007426023
0.003761768
0.004951954
0.003754139
0.006703854
0.005270958
0.003627062
0.002441168
0.003060102
0.004517794
0.004599094
0.005241156
0.003623247
0.006219864
0.002337217
0.005611897
0.004122972
0.005362034
0.004555941
0.006129980
0.004631042
0.005274057
0.004365683
0.004287958
0.005259037
0.004405022
0.005455971
0.004012108
0.005916834
0.004167080
0.006639719
0.004902840
0.006967068
0.005263805
0.005508900
0.004590034
0.005775928
0.004321814
0.004499912
0.004989862
0.003930092
0.005509138
0.002448797
0.007281780
0.004138947
0.005778074
0.003904104
0.005706072
0.004529953
0.004240274
0.004656076
0.004371881
0.003921032
0.002414942
0.004091978
0.003774881
0.002640963
0.002878904
0.002371073
0.004169941
0.003710032
0.005800009
0.004226923
0.005172968
0.004388094
0.004174709
0.005044937
0.004082918
0.005153179
0.004232883
0.005579948
0.004707098
0.005258799
0.004794121
0.004548073
0.009756088
0.005551100
0.000015974
